# JRE version: OpenJDK Runtime Environment (8.0_242) (build 1.8.0_242-release-1644-b3-6222593)
# Java VM: OpenJDK 64-Bit Server VM (25.242-b3-6222593 mixed mode linux-amd64 compressed oops)
Heap:
 PSYoungGen      total 419840K, used 146707K [0x00000000d5580000, 0x00000000f6280000, 0x0000000100000000)
  eden space 316416K, 37% used [0x00000000d5580000,0x00000000dc96a8a8,0x00000000e8a80000)
  from space 103424K, 27% used [0x00000000efd80000,0x00000000f18da428,0x00000000f6280000)
  to   space 110592K, 0% used [0x00000000e8a80000,0x00000000e8a80000,0x00000000ef680000)
 ParOldGen       total 356352K, used 201295K [0x0000000080000000, 0x0000000095c00000, 0x00000000d5580000)
  object space 356352K, 56% used [0x0000000080000000,0x000000008c493f30,0x0000000095c00000)
 Metaspace       used 141356K, capacity 148756K, committed 148888K, reserved 1177600K
  class space    used 18535K, capacity 19877K, committed 19888K, reserved 1048576K
GC Heap History (10 events):
Event: 263.269 GC heap before
{Heap before GC invocations=31 (full 4):
 PSYoungGen      total 311296K, used 257600K [0x00000000d5580000, 0x00000000ed100000, 0x0000000100000000)
  eden space 246272K, 99% used [0x00000000d5580000,0x00000000e45fec58,0x00000000e4600000)
  from space 65024K, 17% used [0x00000000e9180000,0x00000000e9c913f0,0x00000000ed100000)
  to   space 71168K, 0% used [0x00000000e4600000,0x00000000e4600000,0x00000000e8b80000)
 ParOldGen       total 263168K, used 175743K [0x0000000080000000, 0x0000000090100000, 0x00000000d5580000)
  object space 263168K, 66% used [0x0000000080000000,0x000000008ab9fc88,0x0000000090100000)
 Metaspace       used 130770K, capacity 137122K, committed 137240K, reserved 1169408K
  class space    used 17048K, capacity 18184K, committed 18224K, reserved 1048576K
Event: 263.390 GC heap after
Heap after GC invocations=31 (full 4):
 PSYoungGen      total 317440K, used 30951K [0x00000000d5580000, 0x00000000eee80000, 0x0000000100000000)
  eden space 246272K, 0% used [0x00000000d5580000,0x00000000d5580000,0x00000000e4600000)
  from space 71168K, 43% used [0x00000000e4600000,0x00000000e6439c28,0x00000000e8b80000)
  to   space 68608K, 0% used [0x00000000eab80000,0x00000000eab80000,0x00000000eee80000)
 ParOldGen       total 263168K, used 175751K [0x0000000080000000, 0x0000000090100000, 0x00000000d5580000)
  object space 263168K, 66% used [0x0000000080000000,0x000000008aba1c88,0x0000000090100000)
 Metaspace       used 130770K, capacity 137122K, committed 137240K, reserved 1169408K
  class space    used 17048K, capacity 18184K, committed 18224K, reserved 1048576K
}
Event: 266.773 GC heap before
{Heap before GC invocations=32 (full 4):
 PSYoungGen      total 317440K, used 277223K [0x00000000d5580000, 0x00000000eee80000, 0x0000000100000000)
  eden space 246272K, 100% used [0x00000000d5580000,0x00000000e4600000,0x00000000e4600000)
  from space 71168K, 43% used [0x00000000e4600000,0x00000000e6439c28,0x00000000e8b80000)
  to   space 68608K, 0% used [0x00000000eab80000,0x00000000eab80000,0x00000000eee80000)
 ParOldGen       total 263168K, used 175751K [0x0000000080000000, 0x0000000090100000, 0x00000000d5580000)
  object space 263168K, 66% used [0x0000000080000000,0x000000008aba1c88,0x0000000090100000)
 Metaspace       used 138533K, capacity 145248K, committed 145432K, reserved 1175552K
  class space    used 18152K, capacity 19379K, committed 19504K, reserved 1048576K
Event: 266.971 GC heap after
Heap after GC invocations=32 (full 4):
 PSYoungGen      total 330240K, used 68593K [0x00000000d5580000, 0x00000000f1d80000, 0x0000000100000000)
  eden space 261632K, 0% used [0x00000000d5580000,0x00000000d5580000,0x00000000e5500000)
  from space 68608K, 99% used [0x00000000eab80000,0x00000000eee7c610,0x00000000eee80000)
  to   space 88576K, 0% used [0x00000000e5500000,0x00000000e5500000,0x00000000eab80000)
 ParOldGen       total 263168K, used 198462K [0x0000000080000000, 0x0000000090100000, 0x00000000d5580000)
  object space 263168K, 75% used [0x0000000080000000,0x000000008c1cfb80,0x0000000090100000)
 Metaspace       used 138533K, capacity 145248K, committed 145432K, reserved 1175552K
  class space    used 18152K, capacity 19379K, committed 19504K, reserved 1048576K
}
Event: 268.689 GC heap before
{Heap before GC invocations=33 (full 4):
 PSYoungGen      total 330240K, used 330225K [0x00000000d5580000, 0x00000000f1d80000, 0x0000000100000000)
  eden space 261632K, 100% used [0x00000000d5580000,0x00000000e5500000,0x00000000e5500000)
  from space 68608K, 99% used [0x00000000eab80000,0x00000000eee7c610,0x00000000eee80000)
  to   space 88576K, 0% used [0x00000000e5500000,0x00000000e5500000,0x00000000eab80000)
 ParOldGen       total 263168K, used 198462K [0x0000000080000000, 0x0000000090100000, 0x00000000d5580000)
  object space 263168K, 75% used [0x0000000080000000,0x000000008c1cfb80,0x0000000090100000)
 Metaspace       used 140736K, capacity 148144K, committed 148376K, reserved 1177600K
  class space    used 18511K, capacity 19853K, committed 19888K, reserved 1048576K
Event: 268.915 GC heap after
Heap after GC invocations=33 (full 4):
 PSYoungGen      total 350208K, used 88545K [0x00000000d5580000, 0x00000000f6e80000, 0x0000000100000000)
  eden space 261632K, 0% used [0x00000000d5580000,0x00000000d5580000,0x00000000e5500000)
  from space 88576K, 99% used [0x00000000e5500000,0x00000000eab785a0,0x00000000eab80000)
  to   space 115712K, 0% used [0x00000000efd80000,0x00000000efd80000,0x00000000f6e80000)
 ParOldGen       total 263168K, used 231427K [0x0000000080000000, 0x0000000090100000, 0x00000000d5580000)
  object space 263168K, 87% used [0x0000000080000000,0x000000008e200d98,0x0000000090100000)
 Metaspace       used 140736K, capacity 148144K, committed 148376K, reserved 1177600K
  class space    used 18511K, capacity 19853K, committed 19888K, reserved 1048576K
}
Event: 268.915 GC heap before
{Heap before GC invocations=34 (full 5):
 PSYoungGen      total 350208K, used 88545K [0x00000000d5580000, 0x00000000f6e80000, 0x0000000100000000)
  eden space 261632K, 0% used [0x00000000d5580000,0x00000000d5580000,0x00000000e5500000)
  from space 88576K, 99% used [0x00000000e5500000,0x00000000eab785a0,0x00000000eab80000)
  to   space 115712K, 0% used [0x00000000efd80000,0x00000000efd80000,0x00000000f6e80000)
 ParOldGen       total 263168K, used 231427K [0x0000000080000000, 0x0000000090100000, 0x00000000d5580000)
  object space 263168K, 87% used [0x0000000080000000,0x000000008e200d98,0x0000000090100000)
 Metaspace       used 140736K, capacity 148144K, committed 148376K, reserved 1177600K
  class space    used 18511K, capacity 19853K, committed 19888K, reserved 1048576K
Event: 270.204 GC heap after
Heap after GC invocations=34 (full 5):
 PSYoungGen      total 350208K, used 0K [0x00000000d5580000, 0x00000000f6e80000, 0x0000000100000000)
  eden space 261632K, 0% used [0x00000000d5580000,0x00000000d5580000,0x00000000e5500000)
  from space 88576K, 0% used [0x00000000e5500000,0x00000000e5500000,0x00000000eab80000)
  to   space 115712K, 0% used [0x00000000efd80000,0x00000000efd80000,0x00000000f6e80000)
 ParOldGen       total 356352K, used 201287K [0x0000000080000000, 0x0000000095c00000, 0x00000000d5580000)
  object space 356352K, 56% used [0x0000000080000000,0x000000008c491f30,0x0000000095c00000)
 Metaspace       used 140709K, capacity 148040K, committed 148376K, reserved 1177600K
  class space    used 18506K, capacity 19845K, committed 19888K, reserved 1048576K
}
Event: 533.689 GC heap before
{Heap before GC invocations=35 (full 5):
 PSYoungGen      total 350208K, used 261365K [0x00000000d5580000, 0x00000000f6e80000, 0x0000000100000000)
  eden space 261632K, 99% used [0x00000000d5580000,0x00000000e54bd458,0x00000000e5500000)
  from space 88576K, 0% used [0x00000000e5500000,0x00000000e5500000,0x00000000eab80000)
  to   space 115712K, 0% used [0x00000000efd80000,0x00000000efd80000,0x00000000f6e80000)
 ParOldGen       total 356352K, used 201287K [0x0000000080000000, 0x0000000095c00000, 0x00000000d5580000)
  object space 356352K, 56% used [0x0000000080000000,0x000000008c491f30,0x0000000095c00000)
 Metaspace       used 141219K, capacity 148556K, committed 148632K, reserved 1177600K
  class space    used 18519K, capacity 19865K, committed 19888K, reserved 1048576K
Event: 533.772 GC heap after
Heap after GC invocations=35 (full 5):
 PSYoungGen      total 419840K, used 28009K [0x00000000d5580000, 0x00000000f6280000, 0x0000000100000000)
  eden space 316416K, 0% used [0x00000000d5580000,0x00000000d5580000,0x00000000e8a80000)
  from space 103424K, 27% used [0x00000000efd80000,0x00000000f18da428,0x00000000f6280000)
  to   space 110592K, 0% used [0x00000000e8a80000,0x00000000e8a80000,0x00000000ef680000)
 ParOldGen       total 356352K, used 201295K [0x0000000080000000, 0x0000000095c00000, 0x00000000d5580000)
  object space 356352K, 56% used [0x0000000080000000,0x000000008c493f30,0x0000000095c00000)
 Metaspace       used 141219K, capacity 148556K, committed 148632K, reserved 1177600K
  class space    used 18519K, capacity 19865K, committed 19888K, reserved 1048576K
}

